F:\C++\CHARP1\TEST_1\PROJECT_12\DEBUG\BOX.OBJ
F:\C++\CHARP1\TEST_1\PROJECT_12\DEBUG\LIST.OBJ
F:\C++\CHARP1\TEST_1\PROJECT_12\DEBUG\PROG13_01.OBJ
F:\C++\CHARP1\TEST_1\PROJECT_12\DEBUG\VC110.PDB
F:\C++\CHARP1\TEST_1\DEBUG\PROJECT_12.ILK
F:\C++\CHARP1\TEST_1\DEBUG\PROJECT_12.EXE
F:\C++\CHARP1\TEST_1\DEBUG\PROJECT_12.PDB
F:\C++\charp1\Test_1\Project_12\Debug\Box.obj
F:\C++\charp1\Test_1\Project_12\Debug\List.obj
F:\C++\charp1\Test_1\Project_12\Debug\prog13_01.obj
F:\C++\charp1\Test_1\Project_12\Debug\cl.command.1.tlog
F:\C++\charp1\Test_1\Project_12\Debug\CL.read.1.tlog
F:\C++\charp1\Test_1\Project_12\Debug\CL.write.1.tlog
F:\C++\charp1\Test_1\Project_12\Debug\link-cvtres.read.1.tlog
F:\C++\charp1\Test_1\Project_12\Debug\link-cvtres.write.1.tlog
F:\C++\charp1\Test_1\Project_12\Debug\link-rc.read.1.tlog
F:\C++\charp1\Test_1\Project_12\Debug\link-rc.write.1.tlog
F:\C++\charp1\Test_1\Project_12\Debug\link.command.1.tlog
F:\C++\charp1\Test_1\Project_12\Debug\link.read.1.tlog
F:\C++\charp1\Test_1\Project_12\Debug\link.write.1.tlog
F:\C++\charp1\Test_1\Project_12\Debug\vc110.idb
F:\C++\charp1\Test_1\Project_12\Debug\vc110.pdb
F:\C++\charp1\Test_1\Debug\Project_12.pdb
F:\C++\charp1\Test_1\Debug\Project_12.exe
F:\C++\charp1\Test_1\Debug\Project_12.ilk
