F:\C++\CHARP1\TEST_1\PROJECT_14\DEBUG\ERRORMESSAGE.OBJ
F:\C++\CHARP1\TEST_1\PROJECT_14\DEBUG\PROJECT_14_3.OBJ
F:\C++\CHARP1\TEST_1\PROJECT_14\DEBUG\VC110.PDB
F:\C++\CHARP1\TEST_1\DEBUG\PROJECT_14.ILK
F:\C++\CHARP1\TEST_1\DEBUG\PROJECT_14.EXE
F:\C++\CHARP1\TEST_1\DEBUG\PROJECT_14.PDB
F:\C++\charp1\Test_1\Project_14\Debug\ErrorMessage.obj
F:\C++\charp1\Test_1\Project_14\Debug\project_14_3.obj
F:\C++\charp1\Test_1\Project_14\Debug\cl.command.1.tlog
F:\C++\charp1\Test_1\Project_14\Debug\CL.read.1.tlog
F:\C++\charp1\Test_1\Project_14\Debug\CL.write.1.tlog
F:\C++\charp1\Test_1\Project_14\Debug\link-cvtres.read.1.tlog
F:\C++\charp1\Test_1\Project_14\Debug\link-cvtres.write.1.tlog
F:\C++\charp1\Test_1\Project_14\Debug\link-rc.read.1.tlog
F:\C++\charp1\Test_1\Project_14\Debug\link-rc.write.1.tlog
F:\C++\charp1\Test_1\Project_14\Debug\link.command.1.tlog
F:\C++\charp1\Test_1\Project_14\Debug\link.read.1.tlog
F:\C++\charp1\Test_1\Project_14\Debug\link.write.1.tlog
F:\C++\charp1\Test_1\Project_14\Debug\vc110.idb
F:\C++\charp1\Test_1\Project_14\Debug\vc110.pdb
F:\C++\charp1\Test_1\Debug\Project_14.pdb
F:\C++\charp1\Test_1\Debug\Project_14.exe
F:\C++\charp1\Test_1\Debug\Project_14.ilk
