F:\C++\CHARP1\TEST_1\PROJECT_10_7\DEBUG\MAIN.OBJ
F:\C++\CHARP1\TEST_1\PROJECT_10_7\DEBUG\PRINT.OBJ
F:\C++\CHARP1\TEST_1\PROJECT_10_7\DEBUG\PRINT_THAT.OBJ
F:\C++\CHARP1\TEST_1\PROJECT_10_7\DEBUG\PRINT_THIS.OBJ
F:\C++\CHARP1\TEST_1\PROJECT_10_7\DEBUG\VC110.PDB
F:\C++\CHARP1\TEST_1\DEBUG\PROJECT_10_7.ILK
F:\C++\CHARP1\TEST_1\DEBUG\PROJECT_10_7.EXE
F:\C++\CHARP1\TEST_1\DEBUG\PROJECT_10_7.PDB
F:\C++\charp1\Test_1\Project_10_7\Debug\main.obj
F:\C++\charp1\Test_1\Project_10_7\Debug\print.obj
F:\C++\charp1\Test_1\Project_10_7\Debug\print_that.obj
F:\C++\charp1\Test_1\Project_10_7\Debug\print_this.obj
F:\C++\charp1\Test_1\Project_10_7\Debug\cl.command.1.tlog
F:\C++\charp1\Test_1\Project_10_7\Debug\CL.read.1.tlog
F:\C++\charp1\Test_1\Project_10_7\Debug\CL.write.1.tlog
F:\C++\charp1\Test_1\Project_10_7\Debug\link-cvtres.read.1.tlog
F:\C++\charp1\Test_1\Project_10_7\Debug\link-cvtres.write.1.tlog
F:\C++\charp1\Test_1\Project_10_7\Debug\link-rc.read.1.tlog
F:\C++\charp1\Test_1\Project_10_7\Debug\link-rc.write.1.tlog
F:\C++\charp1\Test_1\Project_10_7\Debug\link.command.1.tlog
F:\C++\charp1\Test_1\Project_10_7\Debug\link.read.1.tlog
F:\C++\charp1\Test_1\Project_10_7\Debug\link.write.1.tlog
F:\C++\charp1\Test_1\Project_10_7\Debug\vc110.idb
F:\C++\charp1\Test_1\Project_10_7\Debug\vc110.pdb
F:\C++\charp1\Test_1\Debug\Project_10_7.pdb
F:\C++\charp1\Test_1\Debug\Project_10_7.exe
F:\C++\charp1\Test_1\Debug\Project_10_7.ilk
