f:\c++\charp1\test_1\project_binary_tree_2\debug\vc120.pdb
f:\c++\charp1\test_1\project_binary_tree_2\debug\vc120.idb
f:\c++\charp1\test_1\project_binary_tree_2\debug\main.obj
f:\c++\charp1\test_1\project_binary_tree_2\debug\op.obj
f:\c++\charp1\test_1\debug\project_binary_tree_2.ilk
f:\c++\charp1\test_1\debug\project_binary_tree_2.exe
f:\c++\charp1\test_1\debug\project_binary_tree_2.pdb
f:\c++\charp1\test_1\project_binary_tree_2\debug\project_binary_tree_2.res
e:\mywork\github\first-c++\project_binary_tree_2\debug\main.obj
e:\mywork\github\first-c++\project_binary_tree_2\debug\op.obj
e:\mywork\github\first-c++\project_binary_tree_2\debug\project_binary_tree_2.res
e:\mywork\github\first-c++\project_binary_tree_2\debug\vc120.idb
e:\mywork\github\first-c++\project_binary_tree_2\debug\vc120.pdb
e:\mywork\github\first-c++\project_binary_tree_2\debug\project_.2c25be01.tlog\cl.command.1.tlog
e:\mywork\github\first-c++\project_binary_tree_2\debug\project_.2c25be01.tlog\cl.read.1.tlog
e:\mywork\github\first-c++\project_binary_tree_2\debug\project_.2c25be01.tlog\cl.write.1.tlog
e:\mywork\github\first-c++\project_binary_tree_2\debug\project_.2c25be01.tlog\link.command.1.tlog
e:\mywork\github\first-c++\project_binary_tree_2\debug\project_.2c25be01.tlog\link.read.1.tlog
e:\mywork\github\first-c++\project_binary_tree_2\debug\project_.2c25be01.tlog\link.write.1.tlog
e:\mywork\github\first-c++\project_binary_tree_2\debug\project_.2c25be01.tlog\rc.command.1.tlog
e:\mywork\github\first-c++\project_binary_tree_2\debug\project_.2c25be01.tlog\rc.read.1.tlog
e:\mywork\github\first-c++\project_binary_tree_2\debug\project_.2c25be01.tlog\rc.write.1.tlog
